<?xml version="1.0" encoding="utf-8"?><testsuites><testsuite name="pytest" errors="0" failures="0" skipped="0" tests="5" time="6.026" timestamp="2024-05-13T18:59:36.345122" hostname="LAPTOP-O5QU6F0U"><testcase classname="TestCases.test_registration" name="test_successful_registration" time="1.067" /><testcase classname="TestCases.test_registration" name="test_unsuccessful_registration" time="1.116" /><testcase classname="TestCases.test_user" name="test_fetch_user" time="0.924" /><testcase classname="TestCases.test_user" name="test_fetch_users" time="0.603" /><testcase classname="TestCases.test_user" name="test_create_delete_user" time="1.954" /></testsuite></testsuites>